<?xml version="1.0" encoding="UTF-8"?>
<testng-results ignored="0" total="5" passed="5" failed="0" skipped="0">
  <reporter-output>
  </reporter-output>
  <suite started-at="2023-11-02T10:03:55 ICT" name="Command line suite" finished-at="2023-11-02T10:04:37 ICT" duration-ms="42120">
    <groups>
    </groups>
    <test started-at="2023-11-02T10:03:55 ICT" name="Command line test" finished-at="2023-11-02T10:04:37 ICT" duration-ms="42120">
      <class name="com.fnb.web.scenario_tests.Login">
        <test-method is-config="true" signature="beforeTest()[pri:0, instance:com.fnb.web.scenario_tests.Login@28eaa59a]" started-at="2023-11-02T10:03:55 ICT" name="beforeTest" finished-at="2023-11-02T10:04:24 ICT" duration-ms="29648" status="PASS">
          <reporter-output>
          </reporter-output>
        </test-method> <!-- beforeTest -->
        <test-method signature="testCase1()[pri:0, instance:com.fnb.web.scenario_tests.Login@28eaa59a]" started-at="2023-11-02T10:04:24 ICT" name="testCase1" finished-at="2023-11-02T10:04:27 ICT" duration-ms="2399" status="PASS">
          <reporter-output>
          </reporter-output>
        </test-method> <!-- testCase1 -->
        <test-method signature="testCase2()[pri:0, instance:com.fnb.web.scenario_tests.Login@28eaa59a]" started-at="2023-11-02T10:04:27 ICT" name="testCase2" finished-at="2023-11-02T10:04:29 ICT" duration-ms="1747" status="PASS">
          <reporter-output>
          </reporter-output>
        </test-method> <!-- testCase2 -->
        <test-method signature="testCase3()[pri:0, instance:com.fnb.web.scenario_tests.Login@28eaa59a]" started-at="2023-11-02T10:04:29 ICT" name="testCase3" finished-at="2023-11-02T10:04:30 ICT" duration-ms="1661" status="PASS">
          <reporter-output>
          </reporter-output>
        </test-method> <!-- testCase3 -->
        <test-method signature="testCase4()[pri:0, instance:com.fnb.web.scenario_tests.Login@28eaa59a]" started-at="2023-11-02T10:04:30 ICT" name="testCase4" finished-at="2023-11-02T10:04:33 ICT" duration-ms="2306" status="PASS">
          <reporter-output>
          </reporter-output>
        </test-method> <!-- testCase4 -->
        <test-method signature="testCase5()[pri:0, instance:com.fnb.web.scenario_tests.Login@28eaa59a]" started-at="2023-11-02T10:04:33 ICT" name="testCase5" finished-at="2023-11-02T10:04:37 ICT" duration-ms="4154" status="PASS">
          <reporter-output>
          </reporter-output>
        </test-method> <!-- testCase5 -->
        <test-method is-config="true" signature="afterTest()[pri:0, instance:com.fnb.web.scenario_tests.Login@28eaa59a]" started-at="2023-11-02T10:04:37 ICT" name="afterTest" finished-at="2023-11-02T10:04:37 ICT" duration-ms="198" status="PASS">
          <reporter-output>
          </reporter-output>
        </test-method> <!-- afterTest -->
      </class> <!-- com.fnb.web.scenario_tests.Login -->
    </test> <!-- Command line test -->
  </suite> <!-- Command line suite -->
</testng-results>
