<?xml version="1.0" encoding="UTF-8"?>
<!-- Generated by org.testng.reporters.JUnitXMLReporter -->
<testsuite ignored="3" hostname="Long-Bui-0947" failures="1" tests="2" name="test for a pos" time="7.595" errors="0" timestamp="2023-11-06T16:20:24 ICT">
  <testcase classname="com.fnb.web.admin.tests.login.LoginScenarioTest" name="verifyTitleExist" time="0.11">
    <failure type="java.lang.AssertionError" message="Header is not match! expected [Login1] but found [Login]">
      <![CDATA[java.lang.AssertionError: Header is not match! expected [Login1] but found [Login]
at com.fnb.web.admin.tests.login.LoginScenarioTest.verifyTitleExist(LoginScenarioTest.java:25)
at java.base/java.util.ArrayList.forEach(ArrayList.java:1511)
at com.intellij.rt.testng.IDEARemoteTestNG.run(IDEARemoteTestNG.java:66)
at com.intellij.rt.testng.RemoteTestNGStarter.main(RemoteTestNGStarter.java:109)
... Removed 29 stack frames]]>
    </failure>
  </testcase> <!-- verifyTitleExist -->
  <testcase classname="com.fnb.web.admin.tests.register.RegisterScenarioTest" name="verifyTitleExist" time="0.316"/>
  <testcase classname="com.fnb.web.setup.BaseTest" name="@BeforeSuite beforeSuite" time="0.0">
    <ignored/>
  </testcase> <!-- @BeforeSuite beforeSuite -->
  <testcase classname="com.fnb.web.setup.BaseTest" name="@AfterTest tearDown" time="0.0">
    <ignored/>
  </testcase> <!-- @AfterTest tearDown -->
  <testcase classname="com.fnb.web.setup.BaseTest" name="@BeforeTest initTestSetup" time="0.0">
    <ignored/>
  </testcase> <!-- @BeforeTest initTestSetup -->
</testsuite> <!-- test for a pos -->
