<?xml version="1.0" encoding="UTF-8"?>
<!-- Generated by org.testng.reporters.JUnitXMLReporter -->
<testsuite ignored="0" hostname="Long-Bui-0947" failures="0" tests="5" name="Command line test" time="42.12" errors="0" timestamp="2023-11-02T10:04:37 ICT">
  <testcase classname="com.fnb.web.scenario_tests.Login" name="testCase1" time="2.399"/>
  <testcase classname="com.fnb.web.scenario_tests.Login" name="testCase2" time="1.747"/>
  <testcase classname="com.fnb.web.scenario_tests.Login" name="testCase3" time="1.661"/>
  <testcase classname="com.fnb.web.scenario_tests.Login" name="testCase4" time="2.306"/>
  <testcase classname="com.fnb.web.scenario_tests.Login" name="testCase5" time="4.154"/>
</testsuite> <!-- Command line test -->
